Using pre-set license
Built from '2021.3/staging' branch; Version is '2021.3.10f1 (1c7d0df0160b) revision 1867021'; Using compiler version '192829333'; Build Type 'Release'
OS: 'Windows 10  (10.0.19044) 64bit Professional' Language: 'en' Physical Memory: 16310 MB
BatchMode: 1, IsHumanControllingUs: 0, StartBugReporterOnCrash: 0, Is64bit: 1, IsPro: 1

COMMAND LINE ARGUMENTS:
D:\UnityEditors\2021.3.10f1\Editor\Unity.exe
-adb2
-batchMode
-noUpm
-name
AssetImportWorker8
-projectPath
D:/Games/LD51/LD51
-logFile
Logs/AssetImportWorker8.log
-srvPort
54505
Successfully changed project path to: D:/Games/LD51/LD51
D:/Games/LD51/LD51
[UnityMemory] Configuration Parameters - Can be set up in boot.config
    "memorysetup-bucket-allocator-granularity=16"
    "memorysetup-bucket-allocator-bucket-count=8"
    "memorysetup-bucket-allocator-block-size=33554432"
    "memorysetup-bucket-allocator-block-count=8"
    "memorysetup-main-allocator-block-size=16777216"
    "memorysetup-thread-allocator-block-size=16777216"
    "memorysetup-gfx-main-allocator-block-size=16777216"
    "memorysetup-gfx-thread-allocator-block-size=16777216"
    "memorysetup-cache-allocator-block-size=4194304"
    "memorysetup-typetree-allocator-block-size=2097152"
    "memorysetup-profiler-bucket-allocator-granularity=16"
    "memorysetup-profiler-bucket-allocator-bucket-count=8"
    "memorysetup-profiler-bucket-allocator-block-size=33554432"
    "memorysetup-profiler-bucket-allocator-block-count=8"
    "memorysetup-profiler-allocator-block-size=16777216"
    "memorysetup-profiler-editor-allocator-block-size=1048576"
    "memorysetup-temp-allocator-size-main=16777216"
    "memorysetup-job-temp-allocator-block-size=2097152"
    "memorysetup-job-temp-allocator-block-size-background=1048576"
    "memorysetup-job-temp-allocator-reduction-small-platforms=262144"
    "memorysetup-temp-allocator-size-background-worker=32768"
    "memorysetup-temp-allocator-size-job-worker=262144"
    "memorysetup-temp-allocator-size-preload-manager=33554432"
    "memorysetup-temp-allocator-size-nav-mesh-worker=65536"
    "memorysetup-temp-allocator-size-audio-worker=65536"
    "memorysetup-temp-allocator-size-cloud-worker=32768"
    "memorysetup-temp-allocator-size-gi-baking-worker=262144"
    "memorysetup-temp-allocator-size-gfx=262144"
Refreshing native plugins compatible for Editor in 108.35 ms, found 3 plugins.
Preloading 0 native plugins for Editor in 0.00 ms.
Initialize engine version: 2021.3.10f1 (1c7d0df0160b)
[Subsystems] Discovering subsystems at path D:/UnityEditors/2021.3.10f1/Editor/Data/Resources/UnitySubsystems
[Subsystems] Discovering subsystems at path D:/Games/LD51/LD51/Assets
GfxDevice: creating device client; threaded=0; jobified=0
Direct3D:
    Version:  Direct3D 11.0 [level 11.1]
    Renderer: NVIDIA GeForce RTX 3070 Ti (ID=0x2482)
    Vendor:   NVIDIA
    VRAM:     8041 MB
    Driver:   30.0.15.1215
Initialize mono
Mono path[0] = 'D:/UnityEditors/2021.3.10f1/Editor/Data/Managed'
Mono path[1] = 'D:/UnityEditors/2021.3.10f1/Editor/Data/MonoBleedingEdge/lib/mono/unityjit-win32'
Mono config path = 'D:/UnityEditors/2021.3.10f1/Editor/Data/MonoBleedingEdge/etc'
Using monoOptions --debugger-agent=transport=dt_socket,embedding=1,server=y,suspend=n,address=127.0.0.1:56444
Begin MonoManager ReloadAssembly
Registering precompiled unity dll's ...
Register platform support module: D:/UnityEditors/2021.3.10f1/Editor/Data/PlaybackEngines/WebGLSupport/UnityEditor.WebGL.Extensions.dll
Register platform support module: D:/UnityEditors/2021.3.10f1/Editor/Data/PlaybackEngines/MacStandaloneSupport/UnityEditor.OSXStandalone.Extensions.dll
Register platform support module: D:/UnityEditors/2021.3.10f1/Editor/Data/PlaybackEngines/iOSSupport/UnityEditor.iOS.Extensions.dll
Register platform support module: D:/UnityEditors/2021.3.10f1/Editor/Data/PlaybackEngines/WindowsStandaloneSupport/UnityEditor.WindowsStandalone.Extensions.dll
Register platform support module: D:/UnityEditors/2021.3.10f1/Editor/Data/PlaybackEngines/LinuxStandaloneSupport/UnityEditor.LinuxStandalone.Extensions.dll
Registered in 0.003018 seconds.
Native extension for LinuxStandalone target not found
Native extension for WindowsStandalone target not found
[usbmuxd] Start listen thread
[usbmuxd] Listen thread started
Native extension for iOS target not found
Native extension for OSXStandalone target not found
Native extension for WebGL target not found
Refreshing native plugins compatible for Editor in 105.40 ms, found 3 plugins.
Preloading 0 native plugins for Editor in 0.00 ms.
Mono: successfully reloaded assembly
- Completed reload, in  0.549 seconds
Domain Reload Profiling:
	ReloadAssembly (549ms)
		BeginReloadAssembly (50ms)
			ExecutionOrderSort (0ms)
			DisableScriptedObjects (0ms)
			BackupInstance (0ms)
			ReleaseScriptingObjects (0ms)
			CreateAndSetChildDomain (1ms)
		EndReloadAssembly (414ms)
			LoadAssemblies (50ms)
			RebuildTransferFunctionScriptingTraits (0ms)
			SetupTypeCache (84ms)
			ReleaseScriptCaches (0ms)
			RebuildScriptCaches (21ms)
			SetupLoadedEditorAssemblies (271ms)
				LogAssemblyErrors (0ms)
				InitializePlatformSupportModulesInManaged (23ms)
				SetLoadedEditorAssemblies (1ms)
				RefreshPlugins (105ms)
				BeforeProcessingInitializeOnLoad (1ms)
				ProcessInitializeOnLoadAttributes (106ms)
				ProcessInitializeOnLoadMethodAttributes (35ms)
				AfterProcessingInitializeOnLoad (0ms)
				EditorAssembliesLoaded (0ms)
			ExecutionOrderSort2 (0ms)
			AwakeInstancesAfterBackupRestoration (0ms)
Platform modules already initialized, skipping
Registering precompiled user dll's ...
Registered in 0.003466 seconds.
Begin MonoManager ReloadAssembly
Symbol file LoadedFromMemory doesn't match image D:\Games\LD51\LD51\Library\PackageCache\com.unity.visualscripting@1.7.8\Editor\VisualScripting.Core\Dependencies\YamlDotNet\Unity.VisualScripting.YamlDotNet.dll
Symbol file LoadedFromMemory doesn't match image D:\Games\LD51\LD51\Library\PackageCache\com.unity.visualscripting@1.7.8\Editor\VisualScripting.Core\Dependencies\DotNetZip\Unity.VisualScripting.IonicZip.dll
Native extension for LinuxStandalone target not found
Native extension for WindowsStandalone target not found
Native extension for iOS target not found
Native extension for OSXStandalone target not found
Native extension for WebGL target not found
Refreshing native plugins compatible for Editor in 103.43 ms, found 3 plugins.
Preloading 0 native plugins for Editor in 0.00 ms.
Mono: successfully reloaded assembly
- Completed reload, in  4.152 seconds
Domain Reload Profiling:
	ReloadAssembly (4153ms)
		BeginReloadAssembly (87ms)
			ExecutionOrderSort (0ms)
			DisableScriptedObjects (4ms)
			BackupInstance (0ms)
			ReleaseScriptingObjects (0ms)
			CreateAndSetChildDomain (19ms)
		EndReloadAssembly (3971ms)
			LoadAssemblies (1409ms)
			RebuildTransferFunctionScriptingTraits (0ms)
			SetupTypeCache (490ms)
			ReleaseScriptCaches (1ms)
			RebuildScriptCaches (59ms)
			SetupLoadedEditorAssemblies (1971ms)
				LogAssemblyErrors (0ms)
				InitializePlatformSupportModulesInManaged (55ms)
				SetLoadedEditorAssemblies (0ms)
				RefreshPlugins (103ms)
				BeforeProcessingInitializeOnLoad (100ms)
				ProcessInitializeOnLoadAttributes (379ms)
				ProcessInitializeOnLoadMethodAttributes (1330ms)
				AfterProcessingInitializeOnLoad (3ms)
				EditorAssembliesLoaded (0ms)
			ExecutionOrderSort2 (0ms)
			AwakeInstancesAfterBackupRestoration (7ms)
Platform modules already initialized, skipping
========================================================================
Worker process is ready to serve import requests
Launched and connected shader compiler UnityShaderCompiler.exe after 0.18 seconds
Refreshing native plugins compatible for Editor in 1.06 ms, found 3 plugins.
Preloading 0 native plugins for Editor in 0.00 ms.
Unloading 5619 Unused Serialized files (Serialized files now loaded: 0)
Unloading 49 unused Assets / (488.9 KB). Loaded Objects now: 6080.
Memory consumption went from 295.1 MB to 294.6 MB.
Total: 3.906200 ms (FindLiveObjects: 0.556400 ms CreateObjectMapping: 0.189200 ms MarkObjects: 2.884100 ms  DeleteObjects: 0.275200 ms)

AssetImportParameters requested are different than current active one (requested -> active):
  custom:video-decoder-ogg-theora: a1e56fd34408186e4bbccfd4996cb3dc -> 
  custom:container-muxer-webm: aa71ff27fc2769a1b78a27578f13a17b -> 
  custom:container-demuxer-webm: 4f35f7cbe854078d1ac9338744f61a02 -> 
  custom:video-encoder-webm-vp8: eb34c28f22e8b96e1ab97ce403110664 -> 
  custom:audio-encoder-webm-vorbis: bf7c407c2cedff20999df2af8eb42d56 -> 
  custom:framework-win-MediaFoundation: 216162199b28c13a410421893ffa2e32 -> 
  custom:container-demuxer-ogg: 62fdf1f143b41e24485cea50d1cbac27 -> 
  custom:video-decoder-webm-vp8: 9c59270c3fd7afecdb556c50c9e8de78 -> 
  custom:audio-decoder-ogg-vorbis: bf7c407c2cedff20999df2af8eb42d56 -> 
========================================================================
Received Import Request.
  Time since last request: 1684126.328873 seconds.
  path: Assets/Cup Texture.png
  artifactKey: Guid(fd52fd472b1814b448cd7e4090998f4e) Importer(815301076,1909f56bfc062723c751e8b465ee728b)
Start importing Assets/Cup Texture.png using Guid(fd52fd472b1814b448cd7e4090998f4e) Importer(815301076,1909f56bfc062723c751e8b465ee728b)  -> (artifact id: 'd800bb4cd808da331d3b63f145df7863') in 0.573538 seconds 
========================================================================
Received Import Request.
  Time since last request: 0.000020 seconds.
  path: Assets/Cup.png
  artifactKey: Guid(eaf51901fa4dd064f990ebc541781ab3) Importer(815301076,1909f56bfc062723c751e8b465ee728b)
Start importing Assets/Cup.png using Guid(eaf51901fa4dd064f990ebc541781ab3) Importer(815301076,1909f56bfc062723c751e8b465ee728b)  -> (artifact id: '97c95334cd4f1c520068c7e1c60503b5') in 0.134795 seconds 
========================================================================
Received Import Request.
  Time since last request: 0.011131 seconds.
  path: Assets/CharacterSelect.unity
  artifactKey: Guid(eba5be1e30f1765489d7b64368938409) Importer(815301076,1909f56bfc062723c751e8b465ee728b)
Start importing Assets/CharacterSelect.unity using Guid(eba5be1e30f1765489d7b64368938409) Importer(815301076,1909f56bfc062723c751e8b465ee728b)  -> (artifact id: 'da062fe35aa39e714ccff9e14b520cc9') in 0.005605 seconds 
========================================================================
Received Import Request.
  Time since last request: 27.572135 seconds.
  path: Assets/TestMats/ACounter.mat
  artifactKey: Guid(139a3d95b4de29d419b126c2978f7186) Importer(815301076,1909f56bfc062723c751e8b465ee728b)
Start importing Assets/TestMats/ACounter.mat using Guid(139a3d95b4de29d419b126c2978f7186) Importer(815301076,1909f56bfc062723c751e8b465ee728b)  -> (artifact id: '872b06d034faca35c5589e9285c39a91') in 0.252650 seconds 
========================================================================
Received Import Request.
  Time since last request: 0.000022 seconds.
  path: Assets/Player/PlayerAsset/Female Barista Animated.fbx
  artifactKey: Guid(662195f1be6edc04fbc82911975192d4) Importer(815301076,1909f56bfc062723c751e8b465ee728b)
Start importing Assets/Player/PlayerAsset/Female Barista Animated.fbx using Guid(662195f1be6edc04fbc82911975192d4) Importer(815301076,1909f56bfc062723c751e8b465ee728b)  -> (artifact id: 'f49e01e775490d9a974bf88464480de8') in 0.503871 seconds 
========================================================================
Received Import Request.
  Time since last request: 0.000036 seconds.
  path: Assets/Player/PlayerAsset/PlayerMaterials/Materials/colorless_Pant_Texture.mat
  artifactKey: Guid(bbbbaef994cdabb4da010c3ab86fe827) Importer(815301076,1909f56bfc062723c751e8b465ee728b)
Start importing Assets/Player/PlayerAsset/PlayerMaterials/Materials/colorless_Pant_Texture.mat using Guid(bbbbaef994cdabb4da010c3ab86fe827) Importer(815301076,1909f56bfc062723c751e8b465ee728b)  -> (artifact id: 'e730aa9a22b7fb3e0a9f5c7dce8235b6') in 0.019013 seconds 
========================================================================
Received Import Request.
  Time since last request: 0.000025 seconds.
  path: Assets/Player/PlayerAsset/PlayerMaterials/colorless_Pant_Texture.png
  artifactKey: Guid(af7c0786b8f5b4644a3186ebbb9b8ff2) Importer(815301076,1909f56bfc062723c751e8b465ee728b)
Start importing Assets/Player/PlayerAsset/PlayerMaterials/colorless_Pant_Texture.png using Guid(af7c0786b8f5b4644a3186ebbb9b8ff2) Importer(815301076,1909f56bfc062723c751e8b465ee728b)  -> (artifact id: '9eb721e64c05526e4eab7406797d83ae') in 0.012370 seconds 
========================================================================
Received Import Request.
  Time since last request: 0.000036 seconds.
  path: Assets/Environment/Counter-computer-cups.fbx
  artifactKey: Guid(f137aac6c68c1fc4d97003daced35dfe) Importer(815301076,1909f56bfc062723c751e8b465ee728b)
Start importing Assets/Environment/Counter-computer-cups.fbx using Guid(f137aac6c68c1fc4d97003daced35dfe) Importer(815301076,1909f56bfc062723c751e8b465ee728b)  -> (artifact id: '033fda323c6ad8c4a25dd2f3ddc43873') in 0.317315 seconds 
========================================================================
Received Import Request.
  Time since last request: 0.000027 seconds.
  path: Assets/Audio/Voice/Waiting/could you work a little faster.mp3
  artifactKey: Guid(fd7487835b285f54797a2c6b3b929ac9) Importer(815301076,1909f56bfc062723c751e8b465ee728b)
Start importing Assets/Audio/Voice/Waiting/could you work a little faster.mp3 using Guid(fd7487835b285f54797a2c6b3b929ac9) Importer(815301076,1909f56bfc062723c751e8b465ee728b)  -> (artifact id: '3ebdca0d04178186ab7d7cedb9c888d3') in 0.823060 seconds 
========================================================================
Received Import Request.
  Time since last request: 0.000030 seconds.
  path: Assets/Environment/cup empty (1).fbx
  artifactKey: Guid(d7f4be839a397004184d081e2285af7c) Importer(815301076,1909f56bfc062723c751e8b465ee728b)
Start importing Assets/Environment/cup empty (1).fbx using Guid(d7f4be839a397004184d081e2285af7c) Importer(815301076,1909f56bfc062723c751e8b465ee728b)  -> (artifact id: 'e94a9ea056be0e4f56afe67c7d7ed51b') in 0.136676 seconds 
========================================================================
Received Import Request.
  Time since last request: 0.359042 seconds.
  path: Assets/NPCPrefabs/CharacterMaker.cs
  artifactKey: Guid(29332882c390fe34d8b1f3383012b9ab) Importer(815301076,1909f56bfc062723c751e8b465ee728b)
Start importing Assets/NPCPrefabs/CharacterMaker.cs using Guid(29332882c390fe34d8b1f3383012b9ab) Importer(815301076,1909f56bfc062723c751e8b465ee728b)  -> (artifact id: '9ac135fe66ff9462e02c0f613ed37d29') in 0.012024 seconds 
========================================================================
Received Prepare
Refreshing native plugins compatible for Editor in 3.93 ms, found 3 plugins.
Preloading 0 native plugins for Editor in 0.00 ms.
Unloading 28 Unused Serialized files (Serialized files now loaded: 0)
Unloading 29 unused Assets / (479.6 KB). Loaded Objects now: 6215.
Memory consumption went from 182.9 MB to 182.4 MB.
Total: 4.355800 ms (FindLiveObjects: 0.471500 ms CreateObjectMapping: 0.171400 ms MarkObjects: 3.433200 ms  DeleteObjects: 0.279000 ms)

AssetImportParameters requested are different than current active one (requested -> active):
  custom:video-decoder-ogg-theora: a1e56fd34408186e4bbccfd4996cb3dc -> 
  custom:container-muxer-webm: aa71ff27fc2769a1b78a27578f13a17b -> 
  custom:container-demuxer-webm: 4f35f7cbe854078d1ac9338744f61a02 -> 
  custom:video-encoder-webm-vp8: eb34c28f22e8b96e1ab97ce403110664 -> 
  custom:audio-encoder-webm-vorbis: bf7c407c2cedff20999df2af8eb42d56 -> 
  custom:framework-win-MediaFoundation: 216162199b28c13a410421893ffa2e32 -> 
  custom:container-demuxer-ogg: 62fdf1f143b41e24485cea50d1cbac27 -> 
  custom:video-decoder-webm-vp8: 9c59270c3fd7afecdb556c50c9e8de78 -> 
  custom:audio-decoder-ogg-vorbis: bf7c407c2cedff20999df2af8eb42d56 -> 
